2024-08-15 21:26:17 -29100 - Modified file: .\files\databook
2024-08-15 21:26:17 -29100 - Modified file: .\files\databook
2024-08-15 21:26:26 -29100 - Modified file: .\files\melee
2024-08-15 21:26:26 -29100 - Modified file: .\files\melee
2024-08-15 21:27:47 -27908 - Deleted file: .\files\databook
2024-08-15 21:28:12 -27908 - Created file: .\files\premier
2024-08-15 21:30:08 -30672 - Created file: .\files\prise
2024-08-15 21:30:29 -30672 - Deleted file: .\files\prise
2024-08-15 21:31:20 -19068 - Deleted file: .\files\melee
2024-08-15 21:31:26 -19068 - Deleted file: .\files\premier
2024-08-15 21:31:29 -19068 - Deleted file: .\files\training
2024-08-15 21:31:42 -19068 - Created file: .\files\position
2024-08-15 21:31:53 -19068 - Deleted file: .\files\position
2024-08-15 21:43:57 -35712 - Created file: .\files\postuler
2024-08-15 21:44:09 -35712 - Modified file: .\files\postuler
2024-08-15 21:44:09 -35712 - Modified file: .\files\postuler
2024-08-15 23:31:44 -29688 - Created file: .\files\vendre
2024-08-15 23:31:51 -29688 - Modified file: .\files\vendre
2024-08-15 23:31:51 -29688 - Modified file: .\files\vendre
2024-08-15 23:32:02 -29688 - Modified file: .\files\postuler
2024-08-15 23:32:04 -29688 - Deleted file: .\files\postuler
2024-08-15 23:33:26 -10376 - Created file: .\files\acheter
2024-08-15 23:33:37 -10376 - Deleted file: .\files\vendre
2024-08-16 00:04:39 -34568 - Created file: .\files\vendre
2024-08-16 00:04:43 -34568 - Modified file: .\files\vendre
2024-08-16 00:04:43 -34568 - Modified file: .\files\vendre
2024-08-16 00:04:51 -34568 - Deleted file: .\files\acheter
2024-08-16 00:21:46 -33996 - Created directory: .\files\rep1
2024-08-16 00:22:07 -33996 - Created file: .\files\acheter
2024-08-16 00:22:22 -33996 - Created file: .\files\rep1\modifier
2024-08-16 00:22:22 -33996 - Modified directory: .\files\rep1
2024-08-16 00:22:55 -33996 - Created file: .\files\rep1\transferer
2024-08-16 00:22:55 -33996 - Modified directory: .\files\rep1
2024-08-16 00:23:22 -33996 - Deleted file: .\files\rep1
2024-08-16 00:27:24 -10780 - Created file: .\files\test
2024-08-16 00:44:53 -30248 - Deleted directory: .\files\
2024-08-16 01:17:34 -17824 - Deleted directory: .\files\
2024-08-16 01:18:33 -29260 - Deleted directory: .\files\
2024-08-16 01:19:28 -30184 - Created file: .\files\test
2024-08-16 01:19:45 -30184 - Deleted file: .\files\test
2024-08-16 01:19:56 -30184 - Deleted directory: .\files\
2024-08-16 01:21:17 -32268 - Deleted directory: .\files\
2024-08-16 01:33:00 -29228 - Deleted directory: .\files\
2024-08-16 12:05:45 -28904 - Deleted directory: .\files\
2024-08-16 12:07:05 -33120 - Created file: .\files\schedule
2024-08-16 12:08:03 -33120 - Modified file: .\files\schedule
2024-08-16 12:08:04 -33120 - Modified file: .\files\schedule
2024-08-16 12:08:38 -33120 - Created file: .\files\training
2024-08-16 12:08:47 -33120 - Modified file: .\files\training
2024-08-16 12:08:48 -33120 - Modified file: .\files\training
2024-08-16 12:34:11 -30860 - Deleted file: .\files\schedule
2024-08-16 12:34:31 -30860 - Created file: .\files\frigo
2024-08-16 12:34:58 -30860 - Deleted file: .\files\training
2024-08-16 12:35:04 -30860 - Deleted file: .\files\frigo
2024-08-16 12:35:29 -30860 - Deleted directory: .\files\
2024-08-16 12:38:10 -35112 - Created file: .\files\schedule
2024-08-16 12:38:15 -35112 - Modified file: .\files\schedule
2024-08-16 12:38:16 -35112 - Modified file: .\files\schedule
2024-08-16 12:39:02 -35112 - Modified file: .\files\schedule
2024-08-16 12:43:11 -24172 - Created file: .\files\schedule
2024-08-16 12:43:29 -24172 - Modified file: .\files\schedule
2024-08-16 12:44:31 -12328 - Created file: .\files\schedule
2024-08-16 12:44:36 -12328 - Created file: .\files\training
2024-08-16 12:44:47 -12328 - Modified file: .\files\schedule
2024-08-16 12:44:48 -12328 - Modified file: .\files\training
2024-08-16 12:51:25 -32352 - Created file: .\files\manger
2024-08-16 12:51:35 -32352 - Deleted file: .\files\manger
2024-08-16 12:51:41 -32352 - Modified file: .\files\schedule
2024-08-16 12:51:42 -32352 - Modified file: .\files\schedule
2024-08-16 12:51:55 -32352 - Modified file: .\files\schedule
2024-08-16 12:51:56 -32352 - Modified file: .\files\training
2024-08-16 12:53:32 -11056 - Created file: .\files\training
2024-08-16 12:53:46 -11056 - Modified file: .\files\schedule
2024-08-16 12:53:46 -11056 - Modified file: .\files\schedule
2024-08-16 12:53:54 -11056 - Modified file: .\files\training
2024-08-16 12:53:54 -11056 - Modified file: .\files\training
2024-08-16 12:54:04 -11056 - Deleted file: .\files\schedule
2024-08-16 12:54:34 -11056 - Modified file: .\files\followers
2024-08-16 12:54:34 -11056 - Modified file: .\files\training
2024-08-16 13:10:49 -34508 - Created file: .\files\training
2024-08-16 13:11:22 -34508 - Modified file: .\files\schedule
2024-08-16 13:11:22 -34508 - Modified file: .\files\training
